[debug] [2020-09-15T14:38:52.525Z] ----------------------------------------------------------------------
[debug] [2020-09-15T14:38:52.527Z] Command:       C:\Program Files\nodejs\node.exe C:\Users\aripa\AppData\Roaming\npm\node_modules\firebase-tools\lib\bin\firebase.js emulators:start
[debug] [2020-09-15T14:38:52.528Z] CLI Version:   8.10.0
[debug] [2020-09-15T14:38:52.528Z] Platform:      win32
[debug] [2020-09-15T14:38:52.528Z] Node Version:  v14.4.0
[debug] [2020-09-15T14:38:52.529Z] Time:          Tue Sep 15 2020 16:38:52 GMT+0200 (Central European Summer Time)
[debug] [2020-09-15T14:38:52.530Z] ----------------------------------------------------------------------
[debug] [2020-09-15T14:38:52.530Z] 
[debug] [2020-09-15T14:38:52.537Z] > command requires scopes: ["email","openid","https://www.googleapis.com/auth/cloudplatformprojects.readonly","https://www.googleapis.com/auth/firebase","https://www.googleapis.com/auth/cloud-platform"]
[debug] [2020-09-15T14:38:52.537Z] > authorizing via signed-in user
[info] i  emulators: Starting emulators: functions, hosting {"metadata":{"emulator":{"name":"hub"},"message":"Starting emulators: functions, hosting"}}
[debug] [2020-09-15T14:38:54.577Z] [hub] writing locator at C:\Users\aripa\AppData\Local\Temp\hub-react--clone-c8de9.json
[warn] !  functions: The following emulators are not running, calls to these services from the Functions emulator will affect production: firestore, database, pubsub {"metadata":{"emulator":{"name":"functions"},"message":"The following emulators are not running, calls to these services from the Functions emulator will affect production: \u001b[1mfirestore, database, pubsub\u001b[22m"}}
[warn] !  Your requested "node" version "10" doesn't match your global version "14" {"metadata":{"emulator":{"name":"functions"},"message":"Your requested \"node\" version \"10\" doesn't match your global version \"14\""}}
[debug] [2020-09-15T14:38:56.605Z] defaultcredentials: writing to file C:\Users\aripa\AppData\Roaming\firebase\aripan017_gmail_com_application_default_credentials.json
[debug] [2020-09-15T14:38:57.217Z] Setting GAC to C:\Users\aripa\AppData\Roaming\firebase\aripan017_gmail_com_application_default_credentials.json {"metadata":{"emulator":{"name":"functions"},"message":"Setting GAC to C:\\Users\\aripa\\AppData\\Roaming\\firebase\\aripan017_gmail_com_application_default_credentials.json"}}
[debug] [2020-09-15T14:38:59.236Z] >>> HTTP REQUEST GET https://firebase.googleapis.com/v1beta1/projects/react--clone-c8de9/webApps/-/config  
 
[debug] [2020-09-15T14:39:00.179Z] <<< HTTP RESPONSE 200 {"content-type":"application/json; charset=UTF-8","vary":"X-Origin, Referer, Origin,Accept-Encoding","date":"Tue, 15 Sep 2020 14:39:00 GMT","server":"ESF","cache-control":"private","x-xss-protection":"0","x-frame-options":"SAMEORIGIN","x-content-type-options":"nosniff","alt-svc":"h3-29=\":443\"; ma=2592000,h3-27=\":443\"; ma=2592000,h3-T051=\":443\"; ma=2592000,h3-T050=\":443\"; ma=2592000,h3-Q050=\":443\"; ma=2592000,h3-Q046=\":443\"; ma=2592000,h3-Q043=\":443\"; ma=2592000,quic=\":443\"; ma=2592000; v=\"46,43\"","accept-ranges":"none","transfer-encoding":"chunked"}
[info] i  hosting: Serving hosting files from: build {"metadata":{"emulator":{"name":"hosting"},"message":"Serving hosting files from: \u001b[1mbuild\u001b[22m"}}
[info] +  hosting: Local server: http://localhost:5000 {"metadata":{"emulator":{"name":"hosting"},"message":"Local server: \u001b[4m\u001b[1mhttp://localhost:5000\u001b[22m\u001b[24m"}}
[debug] [2020-09-15T14:39:04.241Z] Ignoring unsupported arg: auto_download {"metadata":{"emulator":{"name":"ui"},"message":"Ignoring unsupported arg: auto_download"}}
[debug] [2020-09-15T14:39:04.241Z] Ignoring unsupported arg: port {"metadata":{"emulator":{"name":"ui"},"message":"Ignoring unsupported arg: port"}}
[debug] [2020-09-15T14:39:04.242Z] Starting Emulator UI with command {"binary":"node","args":["C:\\Users\\aripa\\.cache\\firebase\\emulators\\ui-v1.1.1\\server.bundle.js"],"optionalArgs":[],"joinArgs":false} {"metadata":{"emulator":{"name":"ui"},"message":"Starting Emulator UI with command {\"binary\":\"node\",\"args\":[\"C:\\\\Users\\\\aripa\\\\.cache\\\\firebase\\\\emulators\\\\ui-v1.1.1\\\\server.bundle.js\"],\"optionalArgs\":[],\"joinArgs\":false}"}}
[info] i  ui: Emulator UI logging to ui-debug.log {"metadata":{"emulator":{"name":"ui"},"message":"Emulator UI logging to \u001b[1mui-debug.log\u001b[22m"}}
[debug] [2020-09-15T14:39:04.354Z] Web / API server started at http://localhost:4000
 {"metadata":{"emulator":{"name":"ui"},"message":"Web / API server started at http://localhost:4000\n"}}
[info] i  functions: Watching "G:\LEARNING\Web-development\PORTFOLIO\Portfolio projetcs\Fake Amazon clone\fake-amazon-clone\functions" for Cloud Functions... {"metadata":{"emulator":{"name":"functions"},"message":"Watching \"G:\\LEARNING\\Web-development\\PORTFOLIO\\Portfolio projetcs\\Fake Amazon clone\\fake-amazon-clone\\functions\" for Cloud Functions..."}}
[debug] [2020-09-15T14:39:04.765Z] [worker-pool] addWorker(~diagnostic~) {"metadata":{"emulator":{"name":"functions"},"message":"[worker-pool] addWorker(~diagnostic~)"}}
[debug] [2020-09-15T14:39:04.765Z] [worker-pool] Adding worker with key ~diagnostic~, total=1 {"metadata":{"emulator":{"name":"functions"},"message":"[worker-pool] Adding worker with key ~diagnostic~, total=1"}}
[debug] [2020-09-15T14:39:04.766Z] [worker-pool] submitWork(triggerId=) {"metadata":{"emulator":{"name":"functions"},"message":"[worker-pool] submitWork(triggerId=)"}}
[debug] [2020-09-15T14:39:04.766Z] [worker-~diagnostic~-177b368d-6a64-462d-859c-4c2772f25c32]: Assigning socketPath: \\?\pipe\G:\LEARNING\Web-development\PORTFOLIO\Portfolio projetcs\Fake Amazon clone\fake-amazon-clone\functions\10080 {"metadata":{"emulator":{"name":"functions"},"message":"[worker-~diagnostic~-177b368d-6a64-462d-859c-4c2772f25c32]: Assigning socketPath: \\\\?\\pipe\\G:\\LEARNING\\Web-development\\PORTFOLIO\\Portfolio projetcs\\Fake Amazon clone\\fake-amazon-clone\\functions\\10080"}}
[debug] [2020-09-15T14:39:04.766Z] [worker-~diagnostic~-177b368d-6a64-462d-859c-4c2772f25c32]: BUSY {"metadata":{"emulator":{"name":"functions"},"message":"[worker-~diagnostic~-177b368d-6a64-462d-859c-4c2772f25c32]: BUSY"}}
